Using pre-set license
Built from '2020.3/staging' branch; Version is '2020.3.10f1 (297d780c91bc) revision 2719096'; Using compiler version '192528614'; Build Type 'Release'
OS: 'Windows 10 Education; OS build 19042.1288; Version 2009; 64bit' Language: 'en' Physical Memory: 16326 MB
BatchMode: 1, IsHumanControllingUs: 0, StartBugReporterOnCrash: 0, Is64bit: 1, IsPro: 0

 COMMAND LINE ARGUMENTS:
F:\Unity\2019.4.17f1\Editor\Unity.exe
-adb2
-batchMode
-noUpm
-name
AssetImportWorker0
-projectPath
F:/Git/Games/ChaosBlackSmith/ChaosBlackSmith
-logFile
Logs/AssetImportWorker0.log
-srvPort
62519
Successfully changed project path to: F:/Git/Games/ChaosBlackSmith/ChaosBlackSmith
F:/Git/Games/ChaosBlackSmith/ChaosBlackSmith
Using Asset Import Pipeline V2.
Refreshing native plugins compatible for Editor in 31.96 ms, found 3 plugins.
Preloading 0 native plugins for Editor in 0.00 ms.
Initialize engine version: 2020.3.10f1 (297d780c91bc)
[Subsystems] Discovering subsystems at path F:/Unity/2019.4.17f1/Editor/Data/Resources/UnitySubsystems
[Subsystems] Discovering subsystems at path F:/Git/Games/ChaosBlackSmith/ChaosBlackSmith/Assets
GfxDevice: creating device client; threaded=0
Direct3D:
    Version:  Direct3D 11.0 [level 11.1]
    Renderer: NVIDIA GeForce RTX 2060 SUPER (ID=0x1f06)
    Vendor:   
    VRAM:     8031 MB
    Driver:   30.0.14.7111
Initialize mono
Mono path[0] = 'F:/Unity/2019.4.17f1/Editor/Data/Managed'
Mono path[1] = 'F:/Unity/2019.4.17f1/Editor/Data/MonoBleedingEdge/lib/mono/unityjit'
Mono config path = 'F:/Unity/2019.4.17f1/Editor/Data/MonoBleedingEdge/etc'
Using monoOptions --debugger-agent=transport=dt_socket,embedding=1,server=y,suspend=n,address=127.0.0.1:56748
Begin MonoManager ReloadAssembly
Registering precompiled unity dll's ...
Register platform support module: F:/Unity/2019.4.17f1/Editor/Data/PlaybackEngines/WindowsStandaloneSupport/UnityEditor.WindowsStandalone.Extensions.dll
Registered in 0.000876 seconds.
Native extension for WindowsStandalone target not found
Refreshing native plugins compatible for Editor in 34.57 ms, found 3 plugins.
Preloading 0 native plugins for Editor in 0.00 ms.
Mono: successfully reloaded assembly
- Completed reload, in  0.739 seconds
Platform modules already initialized, skipping
Registering precompiled user dll's ...
Registered in 0.002272 seconds.
Begin MonoManager ReloadAssembly
Native extension for WindowsStandalone target not found
Refreshing native plugins compatible for Editor in 31.41 ms, found 3 plugins.
Preloading 0 native plugins for Editor in 0.00 ms.
Mono: successfully reloaded assembly
- Completed reload, in  0.892 seconds
Platform modules already initialized, skipping
========================================================================
Worker process is ready to serve import requests
Launched and connected shader compiler UnityShaderCompiler.exe after 0.03 seconds
Refreshing native plugins compatible for Editor in 0.59 ms, found 3 plugins.
Preloading 0 native plugins for Editor in 0.00 ms.
Unloading 2095 Unused Serialized files (Serialized files now loaded: 0)
System memory in use before: 93.3 MB.
System memory in use after: 93.3 MB.

Unloading 33 unused Assets to reduce memory usage. Loaded Objects now: 2530.
Total: 2.041100 ms (FindLiveObjects: 0.171800 ms CreateObjectMapping: 0.069900 ms MarkObjects: 1.693700 ms  DeleteObjects: 0.104900 ms)

========================================================================
Received Import Request.
  path: Assets/Scenes/EndMenu.unity
  artifactKey: Guid(2cda990e2423bbf4892e6590ba056729) Importer(815301076,1909f56bfc062723c751e8b465ee728b)
Start importing Assets/Scenes/EndMenu.unity using Guid(2cda990e2423bbf4892e6590ba056729) Importer(815301076,1909f56bfc062723c751e8b465ee728b)  -> (artifact id: '58a10ab8855086540c8ef5884878d523') in 0.033286 seconds
  Import took 0.045923 seconds .

========================================================================
Received Import Request.
  Time since last request: 10.546512 seconds.
  path: Assets/Scenes/MainMenu.unity
  artifactKey: Guid(2cda990e2423bbf4892e6590ba056729) Importer(815301076,1909f56bfc062723c751e8b465ee728b)
Start importing Assets/Scenes/MainMenu.unity using Guid(2cda990e2423bbf4892e6590ba056729) Importer(815301076,1909f56bfc062723c751e8b465ee728b)  -> (artifact id: 'f5822a1e344238a0801c0dd000482ed9') in 0.001439 seconds
  Import took 0.016063 seconds .

========================================================================
Received Import Request.
  Time since last request: 181.185620 seconds.
  path: Assets/ScriptableObjects/Money.asset
  artifactKey: Guid(967080fceae035d4d95824b17ea3b0ce) Importer(815301076,1909f56bfc062723c751e8b465ee728b)
Start importing Assets/ScriptableObjects/Money.asset using Guid(967080fceae035d4d95824b17ea3b0ce) Importer(815301076,1909f56bfc062723c751e8b465ee728b)  -> (artifact id: '7aac27649cc3aa096eef28c469629c75') in 0.017323 seconds
  Import took 0.021240 seconds .

========================================================================
Received Import Request.
  Time since last request: 12.003384 seconds.
  path: Assets/ScriptableObjects/Quests/Copper.asset
  artifactKey: Guid(66713feaa7bd7e744a3a5e3699b7865b) Importer(815301076,1909f56bfc062723c751e8b465ee728b)
Start importing Assets/ScriptableObjects/Quests/Copper.asset using Guid(66713feaa7bd7e744a3a5e3699b7865b) Importer(815301076,1909f56bfc062723c751e8b465ee728b)  -> (artifact id: '36b381ed1271fe84885e9df4e1f8735b') in 0.002729 seconds
  Import took 0.005441 seconds .

========================================================================
Received Import Request.
  Time since last request: 0.000288 seconds.
  path: Assets/ScriptableObjects/Quests/IronQuest.asset
  artifactKey: Guid(910b5de04f2e85f40ae80dd3582cb93c) Importer(815301076,1909f56bfc062723c751e8b465ee728b)
Start importing Assets/ScriptableObjects/Quests/IronQuest.asset using Guid(910b5de04f2e85f40ae80dd3582cb93c) Importer(815301076,1909f56bfc062723c751e8b465ee728b)  -> (artifact id: 'f4e4d503f124aecc16ffa47befc17fdb') in 0.002158 seconds
  Import took 0.005026 seconds .

========================================================================
Received Import Request.
  Time since last request: 0.000285 seconds.
  path: Assets/ScriptableObjects/Quests/GoldQuest 1.asset
  artifactKey: Guid(1077ddd44ce3f7b40b88a17404e03981) Importer(815301076,1909f56bfc062723c751e8b465ee728b)
Start importing Assets/ScriptableObjects/Quests/GoldQuest 1.asset using Guid(1077ddd44ce3f7b40b88a17404e03981) Importer(815301076,1909f56bfc062723c751e8b465ee728b)  -> (artifact id: '8a1407909c8709d8b2a6fb70af2599d0') in 0.002452 seconds
  Import took 0.005415 seconds .

========================================================================
Received Import Request.
  Time since last request: 0.000420 seconds.
  path: Assets/ScriptableObjects/Quests/Metal.asset
  artifactKey: Guid(cb525663f260caf47a9b0de33f576ce1) Importer(815301076,1909f56bfc062723c751e8b465ee728b)
Start importing Assets/ScriptableObjects/Quests/Metal.asset using Guid(cb525663f260caf47a9b0de33f576ce1) Importer(815301076,1909f56bfc062723c751e8b465ee728b)  -> (artifact id: 'b5f2dcda53090898fb51e0a26a16ee1b') in 0.002732 seconds
  Import took 0.005752 seconds .

========================================================================
Received Import Request.
  Time since last request: 0.000384 seconds.
  path: Assets/ScriptableObjects/Quests/Gold.asset
  artifactKey: Guid(f2424a1b2e5ed9f40baf287fe7851bc4) Importer(815301076,1909f56bfc062723c751e8b465ee728b)
Start importing Assets/ScriptableObjects/Quests/Gold.asset using Guid(f2424a1b2e5ed9f40baf287fe7851bc4) Importer(815301076,1909f56bfc062723c751e8b465ee728b)  -> (artifact id: 'e56f3d8521835cea3f98f801da1bcd09') in 0.002189 seconds
  Import took 0.005240 seconds .

========================================================================
Received Import Request.
  Time since last request: 0.000306 seconds.
  path: Assets/ScriptableObjects/Quests/Sppon.asset
  artifactKey: Guid(9b0c69596776bad4fad4aab6016e925c) Importer(815301076,1909f56bfc062723c751e8b465ee728b)
Start importing Assets/ScriptableObjects/Quests/Sppon.asset using Guid(9b0c69596776bad4fad4aab6016e925c) Importer(815301076,1909f56bfc062723c751e8b465ee728b)  -> (artifact id: '6e54a4a1a4a3e10195871b77c1881c6a') in 0.003233 seconds
  Import took 0.006620 seconds .

========================================================================
Received Import Request.
  Time since last request: 0.000289 seconds.
  path: Assets/ScriptableObjects/Quests/QuickGold.asset
  artifactKey: Guid(c14d473b3426c60498f5cf65a163231e) Importer(815301076,1909f56bfc062723c751e8b465ee728b)
Start importing Assets/ScriptableObjects/Quests/QuickGold.asset using Guid(c14d473b3426c60498f5cf65a163231e) Importer(815301076,1909f56bfc062723c751e8b465ee728b)  -> (artifact id: 'f9669e24bf2e6583f78e380c523a258c') in 0.002468 seconds
  Import took 0.005496 seconds .

========================================================================
Received Import Request.
  Time since last request: 0.000269 seconds.
  path: Assets/ScriptableObjects/Quests/QuickSnad.asset
  artifactKey: Guid(cbad9dc350416664ca5ce3e004d4dc10) Importer(815301076,1909f56bfc062723c751e8b465ee728b)
Start importing Assets/ScriptableObjects/Quests/QuickSnad.asset using Guid(cbad9dc350416664ca5ce3e004d4dc10) Importer(815301076,1909f56bfc062723c751e8b465ee728b)  -> (artifact id: 'bb7a3d95aedb0c7c0b63676f2d94b299') in 0.002207 seconds
  Import took 0.005365 seconds .

========================================================================
Received Import Request.
  Time since last request: 0.000311 seconds.
  path: Assets/ScriptableObjects/Quests/Nickleback.asset
  artifactKey: Guid(60ef5c84eff4d2f4bb44e8366ad836d5) Importer(815301076,1909f56bfc062723c751e8b465ee728b)
Start importing Assets/ScriptableObjects/Quests/Nickleback.asset using Guid(60ef5c84eff4d2f4bb44e8366ad836d5) Importer(815301076,1909f56bfc062723c751e8b465ee728b)  -> (artifact id: '49cc00aaaf2da82a89c0f2cacad1023b') in 0.002518 seconds
  Import took 0.005666 seconds .

========================================================================
Received Import Request.
  Time since last request: 0.000307 seconds.
  path: Assets/ScriptableObjects/Quests/CopperQuest.asset
  artifactKey: Guid(bb7d33ff4a384b141883f258017885de) Importer(815301076,1909f56bfc062723c751e8b465ee728b)
Start importing Assets/ScriptableObjects/Quests/CopperQuest.asset using Guid(bb7d33ff4a384b141883f258017885de) Importer(815301076,1909f56bfc062723c751e8b465ee728b)  -> (artifact id: 'edb51ea6f8290da7e4bb6a3ffb386868') in 0.002224 seconds
  Import took 0.005177 seconds .

========================================================================
Received Prepare
Registering precompiled user dll's ...
Registered in 0.002334 seconds.
Begin MonoManager ReloadAssembly
Native extension for WindowsStandalone target not found
Refreshing native plugins compatible for Editor in 0.39 ms, found 3 plugins.
Preloading 0 native plugins for Editor in 0.00 ms.
Mono: successfully reloaded assembly
- Completed reload, in  0.814 seconds
Platform modules already initialized, skipping
Refreshing native plugins compatible for Editor in 0.41 ms, found 3 plugins.
Preloading 0 native plugins for Editor in 0.00 ms.
Unloading 2090 Unused Serialized files (Serialized files now loaded: 0)
System memory in use before: 93.3 MB.
System memory in use after: 93.3 MB.

Unloading 21 unused Assets to reduce memory usage. Loaded Objects now: 2534.
Total: 2.068400 ms (FindLiveObjects: 0.154200 ms CreateObjectMapping: 0.084800 ms MarkObjects: 1.749800 ms  DeleteObjects: 0.078800 ms)

========================================================================
Received Prepare
Refreshing native plugins compatible for Editor in 2.78 ms, found 3 plugins.
Preloading 0 native plugins for Editor in 0.00 ms.
Unloading 19 Unused Serialized files (Serialized files now loaded: 0)
System memory in use before: 52.4 MB.
System memory in use after: 52.4 MB.

Unloading 19 unused Assets to reduce memory usage. Loaded Objects now: 2534.
Total: 2.225300 ms (FindLiveObjects: 0.176400 ms CreateObjectMapping: 0.069900 ms MarkObjects: 1.897300 ms  DeleteObjects: 0.080900 ms)

========================================================================
Received Prepare
Refreshing native plugins compatible for Editor in 2.60 ms, found 3 plugins.
Preloading 0 native plugins for Editor in 0.00 ms.
Unloading 19 Unused Serialized files (Serialized files now loaded: 0)
System memory in use before: 52.4 MB.
System memory in use after: 52.4 MB.

Unloading 19 unused Assets to reduce memory usage. Loaded Objects now: 2534.
Total: 2.191800 ms (FindLiveObjects: 0.152900 ms CreateObjectMapping: 0.063500 ms MarkObjects: 1.854000 ms  DeleteObjects: 0.120600 ms)

========================================================================
Received Import Request.
  Time since last request: 1128.493828 seconds.
  path: Assets/Art/ThermostatFill.png
  artifactKey: Guid(d562274a02c069848af230b0b1eb3834) Importer(815301076,1909f56bfc062723c751e8b465ee728b)
Start importing Assets/Art/ThermostatFill.png using Guid(d562274a02c069848af230b0b1eb3834) Importer(815301076,1909f56bfc062723c751e8b465ee728b)  -> (artifact id: '322f9c8ad7ef0c8188c28847c9b21551') in 0.117502 seconds
  Import took 0.121559 seconds .

========================================================================
Received Import Request.
  Time since last request: 1.103663 seconds.
  path: Assets/Art/ThermostatFrame.png
  artifactKey: Guid(6746487414860d94b8ed5ae29f376fe3) Importer(815301076,1909f56bfc062723c751e8b465ee728b)
Start importing Assets/Art/ThermostatFrame.png using Guid(6746487414860d94b8ed5ae29f376fe3) Importer(815301076,1909f56bfc062723c751e8b465ee728b)  -> (artifact id: 'e87d2f95ac784f7381c9d3e8da8ff580') in 0.013090 seconds
  Import took 0.016736 seconds .

========================================================================
Received Import Request.
  Time since last request: 6.438817 seconds.
  path: Assets/Art/ThermostatFrame.png
  artifactKey: Guid(6746487414860d94b8ed5ae29f376fe3) Importer(815301076,1909f56bfc062723c751e8b465ee728b)
Start importing Assets/Art/ThermostatFrame.png using Guid(6746487414860d94b8ed5ae29f376fe3) Importer(815301076,1909f56bfc062723c751e8b465ee728b)  -> (artifact id: 'f2fdfb34aca9ad09661d2f90f02e73f7') in 0.009792 seconds
  Import took 0.013435 seconds .

========================================================================
Received Import Request.
  Time since last request: 2.123706 seconds.
  path: Assets/Art/ThermostatFill.png
  artifactKey: Guid(d562274a02c069848af230b0b1eb3834) Importer(815301076,1909f56bfc062723c751e8b465ee728b)
Start importing Assets/Art/ThermostatFill.png using Guid(d562274a02c069848af230b0b1eb3834) Importer(815301076,1909f56bfc062723c751e8b465ee728b)  -> (artifact id: '050ba1abe7a2e850857c8beabc0aa30e') in 0.006300 seconds
  Import took 0.009508 seconds .

========================================================================
Received Import Request.
  Time since last request: 0.008649 seconds.
  path: Assets/Art/ThermostatFill.png
  artifactKey: Guid(d562274a02c069848af230b0b1eb3834) Importer(815301076,1909f56bfc062723c751e8b465ee728b)
Start importing Assets/Art/ThermostatFill.png using Guid(d562274a02c069848af230b0b1eb3834) Importer(815301076,1909f56bfc062723c751e8b465ee728b)  -> (artifact id: '050ba1abe7a2e850857c8beabc0aa30e') in 0.011451 seconds
  Import took 0.014905 seconds .

========================================================================
Received Import Request.
  Time since last request: 3.982815 seconds.
  path: Assets/Art/ThermostatFill.png
  artifactKey: Guid(d562274a02c069848af230b0b1eb3834) Importer(815301076,1909f56bfc062723c751e8b465ee728b)
Start importing Assets/Art/ThermostatFill.png using Guid(d562274a02c069848af230b0b1eb3834) Importer(815301076,1909f56bfc062723c751e8b465ee728b)  -> (artifact id: '2ab7bcc2ec5ddfc5ac52915e59e4191e') in 0.007102 seconds
  Import took 0.010171 seconds .

========================================================================
Received Import Request.
  Time since last request: 0.001990 seconds.
  path: Assets/Art/ThermostatFill.png
  artifactKey: Guid(d562274a02c069848af230b0b1eb3834) Importer(815301076,1909f56bfc062723c751e8b465ee728b)
Start importing Assets/Art/ThermostatFill.png using Guid(d562274a02c069848af230b0b1eb3834) Importer(815301076,1909f56bfc062723c751e8b465ee728b)  -> (artifact id: '2ab7bcc2ec5ddfc5ac52915e59e4191e') in 0.007778 seconds
  Import took 0.011125 seconds .

========================================================================
Received Import Request.
  Time since last request: 3.860825 seconds.
  path: Assets/Art/ThermostatFrame.png
  artifactKey: Guid(6746487414860d94b8ed5ae29f376fe3) Importer(815301076,1909f56bfc062723c751e8b465ee728b)
Start importing Assets/Art/ThermostatFrame.png using Guid(6746487414860d94b8ed5ae29f376fe3) Importer(815301076,1909f56bfc062723c751e8b465ee728b)  -> (artifact id: '02d3a6465571bce822dbd5a393bffb29') in 0.006446 seconds
  Import took 0.009480 seconds .

========================================================================
Received Import Request.
  Time since last request: 0.002411 seconds.
  path: Assets/Art/ThermostatFrame.png
  artifactKey: Guid(6746487414860d94b8ed5ae29f376fe3) Importer(815301076,1909f56bfc062723c751e8b465ee728b)
Start importing Assets/Art/ThermostatFrame.png using Guid(6746487414860d94b8ed5ae29f376fe3) Importer(815301076,1909f56bfc062723c751e8b465ee728b)  -> (artifact id: '02d3a6465571bce822dbd5a393bffb29') in 0.016776 seconds
  Import took 0.019954 seconds .

========================================================================
Received Import Request.
  Time since last request: 504.364589 seconds.
  path: Assets/Scripts/Ui/Tempeture.cs
  artifactKey: Guid(c810ca7cfcacac047bea9f7a7fc1bcde) Importer(815301076,1909f56bfc062723c751e8b465ee728b)
Start importing Assets/Scripts/Ui/Tempeture.cs using Guid(c810ca7cfcacac047bea9f7a7fc1bcde) Importer(815301076,1909f56bfc062723c751e8b465ee728b)  -> (artifact id: 'e8bd9ce3a84d262a27b8d7c7eca49a41') in 0.006123 seconds
  Import took 0.009717 seconds .

========================================================================
Received Prepare
Registering precompiled user dll's ...
Registered in 0.002288 seconds.
Begin MonoManager ReloadAssembly
Native extension for WindowsStandalone target not found
Refreshing native plugins compatible for Editor in 0.48 ms, found 3 plugins.
Preloading 0 native plugins for Editor in 0.00 ms.
Mono: successfully reloaded assembly
- Completed reload, in  0.818 seconds
Platform modules already initialized, skipping
Refreshing native plugins compatible for Editor in 0.40 ms, found 3 plugins.
Preloading 0 native plugins for Editor in 0.00 ms.
Unloading 2090 Unused Serialized files (Serialized files now loaded: 0)
System memory in use before: 96.3 MB.
System memory in use after: 96.3 MB.

Unloading 21 unused Assets to reduce memory usage. Loaded Objects now: 2546.
Total: 1.958900 ms (FindLiveObjects: 0.155300 ms CreateObjectMapping: 0.056200 ms MarkObjects: 1.662300 ms  DeleteObjects: 0.084300 ms)

========================================================================
Received Import Request.
  Time since last request: 85.400156 seconds.
  path: Assets/Scripts/Ui/Tempeture.cs
  artifactKey: Guid(c810ca7cfcacac047bea9f7a7fc1bcde) Importer(815301076,1909f56bfc062723c751e8b465ee728b)
Start importing Assets/Scripts/Ui/Tempeture.cs using Guid(c810ca7cfcacac047bea9f7a7fc1bcde) Importer(815301076,1909f56bfc062723c751e8b465ee728b)  -> (artifact id: '0c2265a9e79962009acaaf21320712ef') in 0.003226 seconds
  Import took 0.005691 seconds .

========================================================================
Received Prepare
Registering precompiled user dll's ...
Registered in 0.002346 seconds.
Begin MonoManager ReloadAssembly
Native extension for WindowsStandalone target not found
Refreshing native plugins compatible for Editor in 0.76 ms, found 3 plugins.
Preloading 0 native plugins for Editor in 0.00 ms.
Mono: successfully reloaded assembly
- Completed reload, in  0.790 seconds
Platform modules already initialized, skipping
Refreshing native plugins compatible for Editor in 0.41 ms, found 3 plugins.
Preloading 0 native plugins for Editor in 0.00 ms.
Unloading 2090 Unused Serialized files (Serialized files now loaded: 0)
System memory in use before: 96.3 MB.
System memory in use after: 96.3 MB.

Unloading 21 unused Assets to reduce memory usage. Loaded Objects now: 2550.
Total: 1.974400 ms (FindLiveObjects: 0.157300 ms CreateObjectMapping: 0.056900 ms MarkObjects: 1.634600 ms  DeleteObjects: 0.125000 ms)

========================================================================
Received Prepare
Registering precompiled user dll's ...
Registered in 0.002403 seconds.
Begin MonoManager ReloadAssembly
Native extension for WindowsStandalone target not found
Refreshing native plugins compatible for Editor in 0.40 ms, found 3 plugins.
Preloading 0 native plugins for Editor in 0.00 ms.
Mono: successfully reloaded assembly
- Completed reload, in  0.810 seconds
Platform modules already initialized, skipping
Refreshing native plugins compatible for Editor in 0.41 ms, found 3 plugins.
Preloading 0 native plugins for Editor in 0.00 ms.
Unloading 2090 Unused Serialized files (Serialized files now loaded: 0)
System memory in use before: 96.3 MB.
System memory in use after: 96.3 MB.

Unloading 21 unused Assets to reduce memory usage. Loaded Objects now: 2554.
Total: 2.011000 ms (FindLiveObjects: 0.167500 ms CreateObjectMapping: 0.063200 ms MarkObjects: 1.652900 ms  DeleteObjects: 0.126600 ms)

========================================================================
Received Prepare
Registering precompiled user dll's ...
Registered in 0.002399 seconds.
Begin MonoManager ReloadAssembly
Native extension for WindowsStandalone target not found
Refreshing native plugins compatible for Editor in 0.44 ms, found 3 plugins.
Preloading 0 native plugins for Editor in 0.00 ms.
Mono: successfully reloaded assembly
- Completed reload, in  0.801 seconds
Platform modules already initialized, skipping
Refreshing native plugins compatible for Editor in 0.40 ms, found 3 plugins.
Preloading 0 native plugins for Editor in 0.00 ms.
Unloading 2090 Unused Serialized files (Serialized files now loaded: 0)
System memory in use before: 96.3 MB.
System memory in use after: 96.3 MB.

Unloading 21 unused Assets to reduce memory usage. Loaded Objects now: 2558.
Total: 1.819900 ms (FindLiveObjects: 0.151300 ms CreateObjectMapping: 0.062100 ms MarkObjects: 1.525500 ms  DeleteObjects: 0.080000 ms)

========================================================================
Received Prepare
Registering precompiled user dll's ...
Registered in 0.002480 seconds.
Begin MonoManager ReloadAssembly
Native extension for WindowsStandalone target not found
Refreshing native plugins compatible for Editor in 0.57 ms, found 3 plugins.
Preloading 0 native plugins for Editor in 0.00 ms.
Mono: successfully reloaded assembly
- Completed reload, in  0.791 seconds
Platform modules already initialized, skipping
Refreshing native plugins compatible for Editor in 0.42 ms, found 3 plugins.
Preloading 0 native plugins for Editor in 0.00 ms.
Unloading 2090 Unused Serialized files (Serialized files now loaded: 0)
System memory in use before: 96.4 MB.
System memory in use after: 96.3 MB.

Unloading 21 unused Assets to reduce memory usage. Loaded Objects now: 2562.
Total: 2.142400 ms (FindLiveObjects: 0.143300 ms CreateObjectMapping: 0.054400 ms MarkObjects: 1.860400 ms  DeleteObjects: 0.083700 ms)

========================================================================
Received Prepare
Registering precompiled user dll's ...
Registered in 0.002600 seconds.
Begin MonoManager ReloadAssembly
Native extension for WindowsStandalone target not found
Refreshing native plugins compatible for Editor in 0.43 ms, found 3 plugins.
Preloading 0 native plugins for Editor in 0.00 ms.
Mono: successfully reloaded assembly
- Completed reload, in  0.825 seconds
Platform modules already initialized, skipping
Refreshing native plugins compatible for Editor in 0.39 ms, found 3 plugins.
Preloading 0 native plugins for Editor in 0.00 ms.
Unloading 2090 Unused Serialized files (Serialized files now loaded: 0)
System memory in use before: 96.4 MB.
System memory in use after: 96.3 MB.

Unloading 21 unused Assets to reduce memory usage. Loaded Objects now: 2566.
Total: 1.865300 ms (FindLiveObjects: 0.166100 ms CreateObjectMapping: 0.063200 ms MarkObjects: 1.550900 ms  DeleteObjects: 0.084300 ms)

========================================================================
Received Prepare
Registering precompiled user dll's ...
Registered in 0.002559 seconds.
Begin MonoManager ReloadAssembly
Native extension for WindowsStandalone target not found
Refreshing native plugins compatible for Editor in 0.41 ms, found 3 plugins.
Preloading 0 native plugins for Editor in 0.00 ms.
Mono: successfully reloaded assembly
- Completed reload, in  0.787 seconds
Platform modules already initialized, skipping
Refreshing native plugins compatible for Editor in 0.41 ms, found 3 plugins.
Preloading 0 native plugins for Editor in 0.00 ms.
Unloading 2090 Unused Serialized files (Serialized files now loaded: 0)
System memory in use before: 96.4 MB.
System memory in use after: 96.3 MB.

Unloading 21 unused Assets to reduce memory usage. Loaded Objects now: 2570.
Total: 2.559800 ms (FindLiveObjects: 0.162700 ms CreateObjectMapping: 0.058400 ms MarkObjects: 2.176500 ms  DeleteObjects: 0.161600 ms)

========================================================================
Received Prepare
Registering precompiled user dll's ...
Registered in 0.002297 seconds.
Begin MonoManager ReloadAssembly
Native extension for WindowsStandalone target not found
Refreshing native plugins compatible for Editor in 0.40 ms, found 3 plugins.
Preloading 0 native plugins for Editor in 0.00 ms.
Mono: successfully reloaded assembly
- Completed reload, in  0.782 seconds
Platform modules already initialized, skipping
Refreshing native plugins compatible for Editor in 0.41 ms, found 3 plugins.
Preloading 0 native plugins for Editor in 0.00 ms.
Unloading 2090 Unused Serialized files (Serialized files now loaded: 0)
System memory in use before: 96.4 MB.
System memory in use after: 96.4 MB.

Unloading 21 unused Assets to reduce memory usage. Loaded Objects now: 2574.
Total: 1.918300 ms (FindLiveObjects: 0.158500 ms CreateObjectMapping: 0.058800 ms MarkObjects: 1.615300 ms  DeleteObjects: 0.084900 ms)

========================================================================
Received Prepare
Registering precompiled user dll's ...
Registered in 0.003025 seconds.
Begin MonoManager ReloadAssembly
Native extension for WindowsStandalone target not found
Refreshing native plugins compatible for Editor in 0.39 ms, found 3 plugins.
Preloading 0 native plugins for Editor in 0.00 ms.
Mono: successfully reloaded assembly
- Completed reload, in  0.791 seconds
Platform modules already initialized, skipping
Refreshing native plugins compatible for Editor in 0.44 ms, found 3 plugins.
Preloading 0 native plugins for Editor in 0.00 ms.
Unloading 2090 Unused Serialized files (Serialized files now loaded: 0)
System memory in use before: 96.4 MB.
System memory in use after: 96.4 MB.

Unloading 21 unused Assets to reduce memory usage. Loaded Objects now: 2578.
Total: 1.839800 ms (FindLiveObjects: 0.162000 ms CreateObjectMapping: 0.066900 ms MarkObjects: 1.522400 ms  DeleteObjects: 0.087800 ms)

========================================================================
Received Prepare
Registering precompiled user dll's ...
Registered in 0.002284 seconds.
Begin MonoManager ReloadAssembly
Native extension for WindowsStandalone target not found
Refreshing native plugins compatible for Editor in 0.40 ms, found 3 plugins.
Preloading 0 native plugins for Editor in 0.00 ms.
Mono: successfully reloaded assembly
- Completed reload, in  0.793 seconds
Platform modules already initialized, skipping
Refreshing native plugins compatible for Editor in 0.40 ms, found 3 plugins.
Preloading 0 native plugins for Editor in 0.00 ms.
Unloading 2090 Unused Serialized files (Serialized files now loaded: 0)
System memory in use before: 96.4 MB.
System memory in use after: 96.4 MB.

Unloading 21 unused Assets to reduce memory usage. Loaded Objects now: 2582.
Total: 2.021000 ms (FindLiveObjects: 0.162800 ms CreateObjectMapping: 0.062000 ms MarkObjects: 1.664900 ms  DeleteObjects: 0.130600 ms)

========================================================================
Received Prepare
Registering precompiled user dll's ...
Registered in 0.002302 seconds.
Begin MonoManager ReloadAssembly
Native extension for WindowsStandalone target not found
Refreshing native plugins compatible for Editor in 0.38 ms, found 3 plugins.
Preloading 0 native plugins for Editor in 0.00 ms.
Mono: successfully reloaded assembly
- Completed reload, in  0.798 seconds
Platform modules already initialized, skipping
Refreshing native plugins compatible for Editor in 0.40 ms, found 3 plugins.
Preloading 0 native plugins for Editor in 0.00 ms.
Unloading 2090 Unused Serialized files (Serialized files now loaded: 0)
System memory in use before: 96.4 MB.
System memory in use after: 96.4 MB.

Unloading 21 unused Assets to reduce memory usage. Loaded Objects now: 2586.
Total: 1.867800 ms (FindLiveObjects: 0.182800 ms CreateObjectMapping: 0.067800 ms MarkObjects: 1.528200 ms  DeleteObjects: 0.088100 ms)

========================================================================
Received Prepare
Registering precompiled user dll's ...
Registered in 0.002628 seconds.
Begin MonoManager ReloadAssembly
Native extension for WindowsStandalone target not found
Refreshing native plugins compatible for Editor in 0.40 ms, found 3 plugins.
Preloading 0 native plugins for Editor in 0.00 ms.
Mono: successfully reloaded assembly
- Completed reload, in  0.808 seconds
Platform modules already initialized, skipping
Refreshing native plugins compatible for Editor in 0.40 ms, found 3 plugins.
Preloading 0 native plugins for Editor in 0.00 ms.
Unloading 2090 Unused Serialized files (Serialized files now loaded: 0)
System memory in use before: 96.4 MB.
System memory in use after: 96.4 MB.

Unloading 21 unused Assets to reduce memory usage. Loaded Objects now: 2590.
Total: 2.126100 ms (FindLiveObjects: 0.282600 ms CreateObjectMapping: 0.065900 ms MarkObjects: 1.653300 ms  DeleteObjects: 0.123500 ms)

========================================================================
Received Prepare
Registering precompiled user dll's ...
Registered in 0.002700 seconds.
Begin MonoManager ReloadAssembly
Native extension for WindowsStandalone target not found
Refreshing native plugins compatible for Editor in 0.40 ms, found 3 plugins.
Preloading 0 native plugins for Editor in 0.00 ms.
Mono: successfully reloaded assembly
- Completed reload, in  0.818 seconds
Platform modules already initialized, skipping
Refreshing native plugins compatible for Editor in 0.48 ms, found 3 plugins.
Preloading 0 native plugins for Editor in 0.00 ms.
Unloading 2090 Unused Serialized files (Serialized files now loaded: 0)
System memory in use before: 96.4 MB.
System memory in use after: 96.4 MB.

Unloading 21 unused Assets to reduce memory usage. Loaded Objects now: 2594.
Total: 1.916000 ms (FindLiveObjects: 0.154100 ms CreateObjectMapping: 0.056400 ms MarkObjects: 1.619800 ms  DeleteObjects: 0.084900 ms)

========================================================================
Received Prepare
Registering precompiled user dll's ...
Registered in 0.002462 seconds.
Begin MonoManager ReloadAssembly
Native extension for WindowsStandalone target not found
Refreshing native plugins compatible for Editor in 0.54 ms, found 3 plugins.
Preloading 0 native plugins for Editor in 0.00 ms.
Mono: successfully reloaded assembly
- Completed reload, in  0.808 seconds
Platform modules already initialized, skipping
Refreshing native plugins compatible for Editor in 0.44 ms, found 3 plugins.
Preloading 0 native plugins for Editor in 0.00 ms.
Unloading 2090 Unused Serialized files (Serialized files now loaded: 0)
System memory in use before: 96.4 MB.
System memory in use after: 96.4 MB.

Unloading 21 unused Assets to reduce memory usage. Loaded Objects now: 2598.
Total: 2.131600 ms (FindLiveObjects: 0.162700 ms CreateObjectMapping: 0.060000 ms MarkObjects: 1.787700 ms  DeleteObjects: 0.120600 ms)

========================================================================
Received Prepare
Registering precompiled user dll's ...
Registered in 0.002305 seconds.
Begin MonoManager ReloadAssembly
Native extension for WindowsStandalone target not found
Refreshing native plugins compatible for Editor in 0.40 ms, found 3 plugins.
Preloading 0 native plugins for Editor in 0.00 ms.
Mono: successfully reloaded assembly
- Completed reload, in  0.800 seconds
Platform modules already initialized, skipping
Refreshing native plugins compatible for Editor in 0.39 ms, found 3 plugins.
Preloading 0 native plugins for Editor in 0.00 ms.
Unloading 2090 Unused Serialized files (Serialized files now loaded: 0)
System memory in use before: 96.4 MB.
System memory in use after: 96.4 MB.

Unloading 21 unused Assets to reduce memory usage. Loaded Objects now: 2602.
Total: 2.087500 ms (FindLiveObjects: 0.224000 ms CreateObjectMapping: 0.097900 ms MarkObjects: 1.661400 ms  DeleteObjects: 0.103300 ms)

========================================================================
Received Prepare
Registering precompiled user dll's ...
Registered in 0.003061 seconds.
Begin MonoManager ReloadAssembly
Native extension for WindowsStandalone target not found
Refreshing native plugins compatible for Editor in 0.45 ms, found 3 plugins.
Preloading 0 native plugins for Editor in 0.00 ms.
Mono: successfully reloaded assembly
- Completed reload, in  0.774 seconds
Platform modules already initialized, skipping
Refreshing native plugins compatible for Editor in 0.39 ms, found 3 plugins.
Preloading 0 native plugins for Editor in 0.00 ms.
Unloading 2090 Unused Serialized files (Serialized files now loaded: 0)
System memory in use before: 96.4 MB.
System memory in use after: 96.4 MB.

Unloading 21 unused Assets to reduce memory usage. Loaded Objects now: 2606.
Total: 1.915600 ms (FindLiveObjects: 0.157300 ms CreateObjectMapping: 0.059400 ms MarkObjects: 1.611200 ms  DeleteObjects: 0.087000 ms)

========================================================================
Received Prepare
Registering precompiled user dll's ...
Registered in 0.002330 seconds.
Begin MonoManager ReloadAssembly
Native extension for WindowsStandalone target not found
Refreshing native plugins compatible for Editor in 0.55 ms, found 3 plugins.
Preloading 0 native plugins for Editor in 0.00 ms.
Mono: successfully reloaded assembly
- Completed reload, in  0.805 seconds
Platform modules already initialized, skipping
Refreshing native plugins compatible for Editor in 0.41 ms, found 3 plugins.
Preloading 0 native plugins for Editor in 0.00 ms.
Unloading 2090 Unused Serialized files (Serialized files now loaded: 0)
System memory in use before: 96.5 MB.
System memory in use after: 96.4 MB.

Unloading 21 unused Assets to reduce memory usage. Loaded Objects now: 2610.
Total: 2.287300 ms (FindLiveObjects: 0.244400 ms CreateObjectMapping: 0.076400 ms MarkObjects: 1.871000 ms  DeleteObjects: 0.094700 ms)

========================================================================
Received Prepare
Registering precompiled user dll's ...
Registered in 0.002775 seconds.
Begin MonoManager ReloadAssembly
Native extension for WindowsStandalone target not found
Refreshing native plugins compatible for Editor in 0.40 ms, found 3 plugins.
Preloading 0 native plugins for Editor in 0.00 ms.
Mono: successfully reloaded assembly
- Completed reload, in  0.812 seconds
Platform modules already initialized, skipping
Refreshing native plugins compatible for Editor in 0.40 ms, found 3 plugins.
Preloading 0 native plugins for Editor in 0.00 ms.
Unloading 2090 Unused Serialized files (Serialized files now loaded: 0)
System memory in use before: 96.5 MB.
System memory in use after: 96.4 MB.

Unloading 21 unused Assets to reduce memory usage. Loaded Objects now: 2614.
Total: 1.901500 ms (FindLiveObjects: 0.157000 ms CreateObjectMapping: 0.056200 ms MarkObjects: 1.602900 ms  DeleteObjects: 0.084900 ms)

========================================================================
Received Prepare
Registering precompiled user dll's ...
Registered in 0.002350 seconds.
Begin MonoManager ReloadAssembly
Native extension for WindowsStandalone target not found
Refreshing native plugins compatible for Editor in 0.80 ms, found 3 plugins.
Preloading 0 native plugins for Editor in 0.00 ms.
Mono: successfully reloaded assembly
- Completed reload, in  0.798 seconds
Platform modules already initialized, skipping
Refreshing native plugins compatible for Editor in 0.45 ms, found 3 plugins.
Preloading 0 native plugins for Editor in 0.00 ms.
Unloading 2090 Unused Serialized files (Serialized files now loaded: 0)
System memory in use before: 96.5 MB.
System memory in use after: 96.5 MB.

Unloading 21 unused Assets to reduce memory usage. Loaded Objects now: 2618.
Total: 2.090600 ms (FindLiveObjects: 0.164900 ms CreateObjectMapping: 0.060700 ms MarkObjects: 1.741200 ms  DeleteObjects: 0.123200 ms)

========================================================================
Received Prepare
Registering precompiled user dll's ...
Registered in 0.002431 seconds.
Begin MonoManager ReloadAssembly
Native extension for WindowsStandalone target not found
Refreshing native plugins compatible for Editor in 0.41 ms, found 3 plugins.
Preloading 0 native plugins for Editor in 0.00 ms.
Mono: successfully reloaded assembly
- Completed reload, in  0.802 seconds
Platform modules already initialized, skipping
Refreshing native plugins compatible for Editor in 0.39 ms, found 3 plugins.
Preloading 0 native plugins for Editor in 0.00 ms.
Unloading 2090 Unused Serialized files (Serialized files now loaded: 0)
System memory in use before: 96.5 MB.
System memory in use after: 96.5 MB.

Unloading 21 unused Assets to reduce memory usage. Loaded Objects now: 2622.
Total: 1.914300 ms (FindLiveObjects: 0.173800 ms CreateObjectMapping: 0.064800 ms MarkObjects: 1.554200 ms  DeleteObjects: 0.120900 ms)

========================================================================
Received Prepare
Registering precompiled user dll's ...
Registered in 0.002292 seconds.
Begin MonoManager ReloadAssembly
Native extension for WindowsStandalone target not found
Refreshing native plugins compatible for Editor in 0.43 ms, found 3 plugins.
Preloading 0 native plugins for Editor in 0.00 ms.
Mono: successfully reloaded assembly
- Completed reload, in  0.805 seconds
Platform modules already initialized, skipping
Refreshing native plugins compatible for Editor in 0.46 ms, found 3 plugins.
Preloading 0 native plugins for Editor in 0.00 ms.
Unloading 2090 Unused Serialized files (Serialized files now loaded: 0)
System memory in use before: 96.5 MB.
System memory in use after: 96.5 MB.

Unloading 21 unused Assets to reduce memory usage. Loaded Objects now: 2626.
Total: 2.156900 ms (FindLiveObjects: 0.228600 ms CreateObjectMapping: 0.076100 ms MarkObjects: 1.721500 ms  DeleteObjects: 0.129400 ms)

========================================================================
Received Prepare
Registering precompiled user dll's ...
Registered in 0.002297 seconds.
Begin MonoManager ReloadAssembly
Native extension for WindowsStandalone target not found
Refreshing native plugins compatible for Editor in 0.41 ms, found 3 plugins.
Preloading 0 native plugins for Editor in 0.00 ms.
Mono: successfully reloaded assembly
- Completed reload, in  0.812 seconds
Platform modules already initialized, skipping
Refreshing native plugins compatible for Editor in 0.41 ms, found 3 plugins.
Preloading 0 native plugins for Editor in 0.00 ms.
Unloading 2090 Unused Serialized files (Serialized files now loaded: 0)
System memory in use before: 96.5 MB.
System memory in use after: 96.5 MB.

Unloading 21 unused Assets to reduce memory usage. Loaded Objects now: 2630.
Total: 2.382200 ms (FindLiveObjects: 0.292600 ms CreateObjectMapping: 0.060600 ms MarkObjects: 1.888700 ms  DeleteObjects: 0.139400 ms)

========================================================================
Received Prepare
Registering precompiled user dll's ...
Registered in 0.002542 seconds.
Begin MonoManager ReloadAssembly
Native extension for WindowsStandalone target not found
Refreshing native plugins compatible for Editor in 0.39 ms, found 3 plugins.
Preloading 0 native plugins for Editor in 0.00 ms.
Mono: successfully reloaded assembly
- Completed reload, in  0.792 seconds
Platform modules already initialized, skipping
Refreshing native plugins compatible for Editor in 0.40 ms, found 3 plugins.
Preloading 0 native plugins for Editor in 0.00 ms.
Unloading 2090 Unused Serialized files (Serialized files now loaded: 0)
System memory in use before: 96.5 MB.
System memory in use after: 96.5 MB.

Unloading 21 unused Assets to reduce memory usage. Loaded Objects now: 2634.
Total: 2.331900 ms (FindLiveObjects: 0.155700 ms CreateObjectMapping: 0.055700 ms MarkObjects: 1.991900 ms  DeleteObjects: 0.128100 ms)

========================================================================
Received Prepare
Registering precompiled user dll's ...
Registered in 0.002286 seconds.
Begin MonoManager ReloadAssembly
Native extension for WindowsStandalone target not found
Refreshing native plugins compatible for Editor in 0.39 ms, found 3 plugins.
Preloading 0 native plugins for Editor in 0.00 ms.
Mono: successfully reloaded assembly
- Completed reload, in  0.825 seconds
Platform modules already initialized, skipping
Refreshing native plugins compatible for Editor in 0.40 ms, found 3 plugins.
Preloading 0 native plugins for Editor in 0.00 ms.
Unloading 2090 Unused Serialized files (Serialized files now loaded: 0)
System memory in use before: 96.5 MB.
System memory in use after: 96.5 MB.

Unloading 21 unused Assets to reduce memory usage. Loaded Objects now: 2638.
Total: 2.052700 ms (FindLiveObjects: 0.157400 ms CreateObjectMapping: 0.057800 ms MarkObjects: 1.750400 ms  DeleteObjects: 0.086400 ms)

========================================================================
Received Prepare
Registering precompiled user dll's ...
Registered in 0.002443 seconds.
Begin MonoManager ReloadAssembly
Native extension for WindowsStandalone target not found
Refreshing native plugins compatible for Editor in 0.39 ms, found 3 plugins.
Preloading 0 native plugins for Editor in 0.00 ms.
Mono: successfully reloaded assembly
- Completed reload, in  0.815 seconds
Platform modules already initialized, skipping
Refreshing native plugins compatible for Editor in 0.46 ms, found 3 plugins.
Preloading 0 native plugins for Editor in 0.00 ms.
Unloading 2090 Unused Serialized files (Serialized files now loaded: 0)
System memory in use before: 96.5 MB.
System memory in use after: 96.5 MB.

Unloading 21 unused Assets to reduce memory usage. Loaded Objects now: 2642.
Total: 2.334800 ms (FindLiveObjects: 0.171000 ms CreateObjectMapping: 0.063300 ms MarkObjects: 1.967200 ms  DeleteObjects: 0.132200 ms)

========================================================================
Received Import Request.
  Time since last request: 1661.192260 seconds.
  path: Assets/ScriptableObjects/Quest.cs
  artifactKey: Guid(f209b841516c03b4fa80f23734095974) Importer(815301076,1909f56bfc062723c751e8b465ee728b)
Start importing Assets/ScriptableObjects/Quest.cs using Guid(f209b841516c03b4fa80f23734095974) Importer(815301076,1909f56bfc062723c751e8b465ee728b)  -> (artifact id: 'cf0c55a4834275e3b1f9315949c4474c') in 0.004203 seconds
  Import took 0.007436 seconds .

========================================================================
Received Prepare
Registering precompiled user dll's ...
Registered in 0.002659 seconds.
Begin MonoManager ReloadAssembly
Native extension for WindowsStandalone target not found
Refreshing native plugins compatible for Editor in 0.69 ms, found 3 plugins.
Preloading 0 native plugins for Editor in 0.00 ms.
Mono: successfully reloaded assembly
- Completed reload, in  0.797 seconds
Platform modules already initialized, skipping
Refreshing native plugins compatible for Editor in 0.40 ms, found 3 plugins.
Preloading 0 native plugins for Editor in 0.00 ms.
Unloading 2090 Unused Serialized files (Serialized files now loaded: 0)
System memory in use before: 96.5 MB.
System memory in use after: 96.5 MB.

Unloading 21 unused Assets to reduce memory usage. Loaded Objects now: 2646.
Total: 1.864300 ms (FindLiveObjects: 0.160400 ms CreateObjectMapping: 0.061600 ms MarkObjects: 1.558000 ms  DeleteObjects: 0.083700 ms)

========================================================================
Received Prepare
Registering precompiled user dll's ...
Registered in 0.002615 seconds.
Begin MonoManager ReloadAssembly
Native extension for WindowsStandalone target not found
Refreshing native plugins compatible for Editor in 0.39 ms, found 3 plugins.
Preloading 0 native plugins for Editor in 0.00 ms.
Mono: successfully reloaded assembly
- Completed reload, in  0.789 seconds
Platform modules already initialized, skipping
Refreshing native plugins compatible for Editor in 0.41 ms, found 3 plugins.
Preloading 0 native plugins for Editor in 0.00 ms.
Unloading 2090 Unused Serialized files (Serialized files now loaded: 0)
System memory in use before: 96.5 MB.
System memory in use after: 96.5 MB.

Unloading 21 unused Assets to reduce memory usage. Loaded Objects now: 2650.
Total: 1.984100 ms (FindLiveObjects: 0.175200 ms CreateObjectMapping: 0.067600 ms MarkObjects: 1.615700 ms  DeleteObjects: 0.125000 ms)

========================================================================
Received Prepare
Registering precompiled user dll's ...
Registered in 0.003267 seconds.
Begin MonoManager ReloadAssembly
Native extension for WindowsStandalone target not found
Refreshing native plugins compatible for Editor in 0.39 ms, found 3 plugins.
Preloading 0 native plugins for Editor in 0.00 ms.
Mono: successfully reloaded assembly
- Completed reload, in  0.814 seconds
Platform modules already initialized, skipping
Refreshing native plugins compatible for Editor in 0.47 ms, found 3 plugins.
Preloading 0 native plugins for Editor in 0.00 ms.
Unloading 2090 Unused Serialized files (Serialized files now loaded: 0)
System memory in use before: 96.6 MB.
System memory in use after: 96.5 MB.

Unloading 21 unused Assets to reduce memory usage. Loaded Objects now: 2654.
Total: 2.120100 ms (FindLiveObjects: 0.178400 ms CreateObjectMapping: 0.066300 ms MarkObjects: 1.787000 ms  DeleteObjects: 0.087700 ms)

========================================================================
Received Import Request.
  Time since last request: 414.986911 seconds.
  path: Assets/Prefabs/Ores/Coal.prefab
  artifactKey: Guid(2c25906045742604682669f3ba69a43d) Importer(815301076,1909f56bfc062723c751e8b465ee728b)
Start importing Assets/Prefabs/Ores/Coal.prefab using Guid(2c25906045742604682669f3ba69a43d) Importer(815301076,1909f56bfc062723c751e8b465ee728b)  -> (artifact id: '23364faff06be6f79c11abe7f1997f68') in 0.074549 seconds
  Import took 0.077442 seconds .

========================================================================
Received Import Request.
  Time since last request: 16.466207 seconds.
  path: Assets/Prefabs/Ores/Iron.prefab
  artifactKey: Guid(3b039f57d2b18ab459aa65d381ec0d20) Importer(815301076,1909f56bfc062723c751e8b465ee728b)
Start importing Assets/Prefabs/Ores/Iron.prefab using Guid(3b039f57d2b18ab459aa65d381ec0d20) Importer(815301076,1909f56bfc062723c751e8b465ee728b)  -> (artifact id: '396fba83b58de6df603dabb722ca6b8a') in 0.008890 seconds
  Import took 0.012069 seconds .

========================================================================
Received Import Request.
  Time since last request: 2.813016 seconds.
  path: Assets/Prefabs/Ores/Nickel.prefab
  artifactKey: Guid(0799d3be5fa4d3845ae9ef5020660172) Importer(815301076,1909f56bfc062723c751e8b465ee728b)
Start importing Assets/Prefabs/Ores/Nickel.prefab using Guid(0799d3be5fa4d3845ae9ef5020660172) Importer(815301076,1909f56bfc062723c751e8b465ee728b)  -> (artifact id: '9c8998594008cb83be3eec6958cb8cc6') in 0.013093 seconds
  Import took 0.016605 seconds .

========================================================================
Received Import Request.
  Time since last request: 42.407472 seconds.
  path: Assets/ScriptableObjects/Quests/New Quest.asset
  artifactKey: Guid(1636548f402ae1445a68475b602f3db6) Importer(815301076,1909f56bfc062723c751e8b465ee728b)
Start importing Assets/ScriptableObjects/Quests/New Quest.asset using Guid(1636548f402ae1445a68475b602f3db6) Importer(815301076,1909f56bfc062723c751e8b465ee728b)  -> (artifact id: 'd70c0f12a115b68e111d5a2a54e0f29a') in 0.002700 seconds
  Import took 0.006810 seconds .

========================================================================
Received Import Request.
  Time since last request: 0.004230 seconds.
  path: Assets/ScriptableObjects/Quests/New Quest.asset
  artifactKey: Guid(1636548f402ae1445a68475b602f3db6) Importer(815301076,1909f56bfc062723c751e8b465ee728b)
Start importing Assets/ScriptableObjects/Quests/New Quest.asset using Guid(1636548f402ae1445a68475b602f3db6) Importer(815301076,1909f56bfc062723c751e8b465ee728b)  -> (artifact id: 'd70c0f12a115b68e111d5a2a54e0f29a') in 0.001913 seconds
  Import took 0.005417 seconds .

========================================================================
Received Import Request.
  Time since last request: 24.485129 seconds.
  path: Assets/ScriptableObjects/Quests/CopperNickle.asset
  artifactKey: Guid(1636548f402ae1445a68475b602f3db6) Importer(815301076,1909f56bfc062723c751e8b465ee728b)
Start importing Assets/ScriptableObjects/Quests/CopperNickle.asset using Guid(1636548f402ae1445a68475b602f3db6) Importer(815301076,1909f56bfc062723c751e8b465ee728b)  -> (artifact id: '1c02cb01435a993dc541fa67177908bd') in 0.001983 seconds
  Import took 0.005331 seconds .

========================================================================
Received Prepare
Registering precompiled user dll's ...
Registered in 0.002346 seconds.
Begin MonoManager ReloadAssembly
Native extension for WindowsStandalone target not found
Refreshing native plugins compatible for Editor in 0.45 ms, found 3 plugins.
Preloading 0 native plugins for Editor in 0.00 ms.
Mono: successfully reloaded assembly
- Completed reload, in  0.815 seconds
Platform modules already initialized, skipping
Refreshing native plugins compatible for Editor in 0.65 ms, found 3 plugins.
Preloading 0 native plugins for Editor in 0.00 ms.
Unloading 2090 Unused Serialized files (Serialized files now loaded: 0)
System memory in use before: 96.6 MB.
System memory in use after: 96.6 MB.

Unloading 21 unused Assets to reduce memory usage. Loaded Objects now: 2663.
Total: 2.293400 ms (FindLiveObjects: 0.182100 ms CreateObjectMapping: 0.069800 ms MarkObjects: 1.946500 ms  DeleteObjects: 0.094100 ms)

========================================================================
Received Prepare
Registering precompiled user dll's ...
Registered in 0.002431 seconds.
Begin MonoManager ReloadAssembly
Native extension for WindowsStandalone target not found
Refreshing native plugins compatible for Editor in 0.91 ms, found 3 plugins.
Preloading 0 native plugins for Editor in 0.00 ms.
Mono: successfully reloaded assembly
- Completed reload, in  0.824 seconds
Platform modules already initialized, skipping
Refreshing native plugins compatible for Editor in 0.43 ms, found 3 plugins.
Preloading 0 native plugins for Editor in 0.00 ms.
Unloading 2090 Unused Serialized files (Serialized files now loaded: 0)
System memory in use before: 96.6 MB.
System memory in use after: 96.6 MB.

Unloading 21 unused Assets to reduce memory usage. Loaded Objects now: 2667.
Total: 2.095900 ms (FindLiveObjects: 0.159800 ms CreateObjectMapping: 0.058600 ms MarkObjects: 1.789500 ms  DeleteObjects: 0.087500 ms)

========================================================================
Received Import Request.
  Time since last request: 550.114978 seconds.
  path: Assets/Art/Animaton/ore_69.controller
  artifactKey: Guid(7f42300db541c614990130a853ecb167) Importer(815301076,1909f56bfc062723c751e8b465ee728b)
Start importing Assets/Art/Animaton/ore_69.controller using Guid(7f42300db541c614990130a853ecb167) Importer(815301076,1909f56bfc062723c751e8b465ee728b)  -> (artifact id: '007a710cbed1dfc6d14e751067c83dc4') in 0.011999 seconds
  Import took 0.015047 seconds .

========================================================================
Received Import Request.
  Time since last request: 0.000687 seconds.
  path: Assets/Art/Animaton/ore_69.controller
  artifactKey: Guid(7f42300db541c614990130a853ecb167) Importer(815301076,1909f56bfc062723c751e8b465ee728b)
Start importing Assets/Art/Animaton/ore_69.controller using Guid(7f42300db541c614990130a853ecb167) Importer(815301076,1909f56bfc062723c751e8b465ee728b)  -> (artifact id: '007a710cbed1dfc6d14e751067c83dc4') in 0.001632 seconds
  Import took 0.004941 seconds .

========================================================================
Received Import Request.
  Time since last request: 22.945303 seconds.
  path: Assets/Art/Animaton/idleProduct.anim
  artifactKey: Guid(a6701475101797a40a9f2d453db89297) Importer(815301076,1909f56bfc062723c751e8b465ee728b)
Start importing Assets/Art/Animaton/idleProduct.anim using Guid(a6701475101797a40a9f2d453db89297) Importer(815301076,1909f56bfc062723c751e8b465ee728b)  -> (artifact id: '6de071bbe56dd7df593b8e8086094b9d') in 0.004421 seconds
  Import took 0.008789 seconds .

========================================================================
Received Import Request.
  Time since last request: 0.043746 seconds.
  path: Assets/Art/Animaton/idleProduct.anim
  artifactKey: Guid(a6701475101797a40a9f2d453db89297) Importer(815301076,1909f56bfc062723c751e8b465ee728b)
Start importing Assets/Art/Animaton/idleProduct.anim using Guid(a6701475101797a40a9f2d453db89297) Importer(815301076,1909f56bfc062723c751e8b465ee728b)  -> (artifact id: '6de071bbe56dd7df593b8e8086094b9d') in 0.001963 seconds
  Import took 0.005557 seconds .

========================================================================
Received Prepare
Registering precompiled user dll's ...
Registered in 0.002479 seconds.
Begin MonoManager ReloadAssembly
Native extension for WindowsStandalone target not found
Refreshing native plugins compatible for Editor in 0.40 ms, found 3 plugins.
Preloading 0 native plugins for Editor in 0.00 ms.
Mono: successfully reloaded assembly
- Completed reload, in  0.835 seconds
Platform modules already initialized, skipping
Refreshing native plugins compatible for Editor in 0.43 ms, found 3 plugins.
Preloading 0 native plugins for Editor in 0.00 ms.
Unloading 2090 Unused Serialized files (Serialized files now loaded: 0)
System memory in use before: 96.6 MB.
System memory in use after: 96.6 MB.

Unloading 21 unused Assets to reduce memory usage. Loaded Objects now: 2671.
Total: 2.922400 ms (FindLiveObjects: 0.375500 ms CreateObjectMapping: 0.074100 ms MarkObjects: 2.366900 ms  DeleteObjects: 0.104600 ms)

========================================================================
Received Import Request.
  Time since last request: 297.014690 seconds.
  path: ProjectSettings/TagManager.asset
  artifactKey: Guid(00000000000000003000000000000000) Importer(815301076,1909f56bfc062723c751e8b465ee728b)
Start importing ProjectSettings/TagManager.asset using Guid(00000000000000003000000000000000) Importer(815301076,1909f56bfc062723c751e8b465ee728b)  -> (artifact id: '267e18040f511fffd9ac387cda044e30') in 0.011059 seconds
  Import took 0.014185 seconds .

========================================================================
Received Import Request.
  Time since last request: 0.000620 seconds.
  path: ProjectSettings/TagManager.asset
  artifactKey: Guid(00000000000000003000000000000000) Importer(815301076,1909f56bfc062723c751e8b465ee728b)
Start importing ProjectSettings/TagManager.asset using Guid(00000000000000003000000000000000) Importer(815301076,1909f56bfc062723c751e8b465ee728b)  -> (artifact id: '267e18040f511fffd9ac387cda044e30') in 0.001660 seconds
  Import took 0.004289 seconds .

========================================================================
Received Prepare
Registering precompiled user dll's ...
Registered in 0.002753 seconds.
Begin MonoManager ReloadAssembly
Native extension for WindowsStandalone target not found
Refreshing native plugins compatible for Editor in 0.43 ms, found 3 plugins.
Preloading 0 native plugins for Editor in 0.00 ms.
Mono: successfully reloaded assembly
- Completed reload, in  0.788 seconds
Platform modules already initialized, skipping
Refreshing native plugins compatible for Editor in 0.46 ms, found 3 plugins.
Preloading 0 native plugins for Editor in 0.00 ms.
Unloading 2090 Unused Serialized files (Serialized files now loaded: 0)
System memory in use before: 96.6 MB.
System memory in use after: 96.6 MB.

Unloading 23 unused Assets to reduce memory usage. Loaded Objects now: 2675.
Total: 1.999600 ms (FindLiveObjects: 0.166200 ms CreateObjectMapping: 0.061100 ms MarkObjects: 1.683900 ms  DeleteObjects: 0.087700 ms)

========================================================================
Received Prepare
Registering precompiled user dll's ...
Registered in 0.002360 seconds.
Begin MonoManager ReloadAssembly
Native extension for WindowsStandalone target not found
Refreshing native plugins compatible for Editor in 0.39 ms, found 3 plugins.
Preloading 0 native plugins for Editor in 0.00 ms.
Mono: successfully reloaded assembly
- Completed reload, in  0.819 seconds
Platform modules already initialized, skipping
Refreshing native plugins compatible for Editor in 0.40 ms, found 3 plugins.
Preloading 0 native plugins for Editor in 0.00 ms.
Unloading 2090 Unused Serialized files (Serialized files now loaded: 0)
System memory in use before: 96.6 MB.
System memory in use after: 96.6 MB.

Unloading 21 unused Assets to reduce memory usage. Loaded Objects now: 2679.
Total: 2.011800 ms (FindLiveObjects: 0.172700 ms CreateObjectMapping: 0.065100 ms MarkObjects: 1.688000 ms  DeleteObjects: 0.085400 ms)

========================================================================
Received Import Request.
  Time since last request: 314.115793 seconds.
  path: Assets/Prefabs/Forge.prefab
  artifactKey: Guid(ac1b90d93e5998e43ac8178d71af60fd) Importer(815301076,1909f56bfc062723c751e8b465ee728b)
Start importing Assets/Prefabs/Forge.prefab using Guid(ac1b90d93e5998e43ac8178d71af60fd) Importer(815301076,1909f56bfc062723c751e8b465ee728b) The Animator Controller (ore_69) you have used is not valid. Animations will not play
UnityEngine.StackTraceUtility:ExtractStackTrace ()
UnityEditor.EditorUtility:Internal_InstantiateRemoveAllNonAnimationComponentsSingle (UnityEngine.Object,UnityEngine.Vector3,UnityEngine.Quaternion)
UnityEditor.EditorUtility:InstantiateRemoveAllNonAnimationComponents (UnityEngine.Object,UnityEngine.Vector3,UnityEngine.Quaternion)
UnityEditor.EditorUtility:InstantiateForAnimatorPreview (UnityEngine.Object)
UnityEditor.GameObjectInspector/PreviewData:UpdateGameObject (UnityEngine.Object)
UnityEditor.GameObjectInspector/PreviewData:.ctor (UnityEngine.Object)
UnityEditor.GameObjectInspector:GetPreviewData ()
UnityEditor.GameObjectInspector:RenderStaticPreview (string,UnityEngine.Object[],int,int)
UnityEditor.AssetPreviewUpdater:CreatePreviewForAsset (UnityEngine.Object,UnityEngine.Object[],string)

[C:\buildslave\unity\build\Modules/Animation/Director/AnimatorControllerPlayable.cpp line 333]

The Animator Controller (ore_69) you have used is not valid. Animations will not play
UnityEngine.StackTraceUtility:ExtractStackTrace ()
UnityEditor.EditorUtility:InitInstantiatedPreviewRecursive (UnityEngine.GameObject)
UnityEditor.EditorUtility:InstantiateForAnimatorPreview (UnityEngine.Object)
UnityEditor.GameObjectInspector/PreviewData:UpdateGameObject (UnityEngine.Object)
UnityEditor.GameObjectInspector/PreviewData:.ctor (UnityEngine.Object)
UnityEditor.GameObjectInspector:GetPreviewData ()
UnityEditor.GameObjectInspector:RenderStaticPreview (string,UnityEngine.Object[],int,int)
UnityEditor.AssetPreviewUpdater:CreatePreviewForAsset (UnityEngine.Object,UnityEngine.Object[],string)

[C:\buildslave\unity\build\Modules/Animation/Director/AnimatorControllerPlayable.cpp line 333]

 -> (artifact id: '6b6d5df2c64597492ba5c321306ef866') in 0.052951 seconds
  Import took 0.056514 seconds .

========================================================================
Received Import Request.
  Time since last request: 0.915422 seconds.
  path: Assets/Prefabs/Ores/Coal.prefab
  artifactKey: Guid(2c25906045742604682669f3ba69a43d) Importer(815301076,1909f56bfc062723c751e8b465ee728b)
Start importing Assets/Prefabs/Ores/Coal.prefab using Guid(2c25906045742604682669f3ba69a43d) Importer(815301076,1909f56bfc062723c751e8b465ee728b)  -> (artifact id: '9ad974c56043f07e8283cb43ec7995a0') in 0.008451 seconds
  Import took 0.011820 seconds .

========================================================================
Received Import Request.
  Time since last request: 0.000300 seconds.
  path: Assets/Prefabs/Ores/Copper.prefab
  artifactKey: Guid(3556cf48b3662b2428bed840ad20d8f4) Importer(815301076,1909f56bfc062723c751e8b465ee728b)
Start importing Assets/Prefabs/Ores/Copper.prefab using Guid(3556cf48b3662b2428bed840ad20d8f4) Importer(815301076,1909f56bfc062723c751e8b465ee728b)  -> (artifact id: 'c8f40c3601413cc4c5c909c9d6c257da') in 0.007512 seconds
  Import took 0.010361 seconds .

========================================================================
Received Import Request.
  Time since last request: 0.000336 seconds.
  path: Assets/Prefabs/Ores/Iron.prefab
  artifactKey: Guid(3b039f57d2b18ab459aa65d381ec0d20) Importer(815301076,1909f56bfc062723c751e8b465ee728b)
Start importing Assets/Prefabs/Ores/Iron.prefab using Guid(3b039f57d2b18ab459aa65d381ec0d20) Importer(815301076,1909f56bfc062723c751e8b465ee728b)  -> (artifact id: 'f9167ac63ea6d7874267eee6cc430c22') in 0.007427 seconds
  Import took 0.010527 seconds .

========================================================================
Received Import Request.
  Time since last request: 0.000506 seconds.
  path: Assets/Prefabs/Ores/Gold.prefab
  artifactKey: Guid(64af9809e190bed4894bf7fcb7991aa3) Importer(815301076,1909f56bfc062723c751e8b465ee728b)
Start importing Assets/Prefabs/Ores/Gold.prefab using Guid(64af9809e190bed4894bf7fcb7991aa3) Importer(815301076,1909f56bfc062723c751e8b465ee728b)  -> (artifact id: '9e40830a8edd180709164c9134cdd929') in 0.010017 seconds
  Import took 0.013685 seconds .

========================================================================
Received Import Request.
  Time since last request: 0.000324 seconds.
  path: Assets/Prefabs/Ores/Nickel.prefab
  artifactKey: Guid(0799d3be5fa4d3845ae9ef5020660172) Importer(815301076,1909f56bfc062723c751e8b465ee728b)
Start importing Assets/Prefabs/Ores/Nickel.prefab using Guid(0799d3be5fa4d3845ae9ef5020660172) Importer(815301076,1909f56bfc062723c751e8b465ee728b)  -> (artifact id: '898465834302faa2dcd8a413ac075a72') in 0.007972 seconds
  Import took 0.011591 seconds .

========================================================================
Received Import Request.
  Time since last request: 67.014709 seconds.
  path: Assets/Prefabs/Ores/Gold.prefab
  artifactKey: Guid(64af9809e190bed4894bf7fcb7991aa3) Importer(815301076,1909f56bfc062723c751e8b465ee728b)
Start importing Assets/Prefabs/Ores/Gold.prefab using Guid(64af9809e190bed4894bf7fcb7991aa3) Importer(815301076,1909f56bfc062723c751e8b465ee728b)  -> (artifact id: '57b96a6abc51be352670f9df74fad7c1') in 0.012197 seconds
  Import took 0.015092 seconds .

========================================================================
Received Prepare
Registering precompiled user dll's ...
Registered in 0.002284 seconds.
Begin MonoManager ReloadAssembly
Native extension for WindowsStandalone target not found
Refreshing native plugins compatible for Editor in 0.40 ms, found 3 plugins.
Preloading 0 native plugins for Editor in 0.00 ms.
Mono: successfully reloaded assembly
- Completed reload, in  0.852 seconds
Platform modules already initialized, skipping
Refreshing native plugins compatible for Editor in 0.41 ms, found 3 plugins.
Preloading 0 native plugins for Editor in 0.00 ms.
Unloading 2090 Unused Serialized files (Serialized files now loaded: 0)
System memory in use before: 96.8 MB.
System memory in use after: 96.8 MB.

Unloading 21 unused Assets to reduce memory usage. Loaded Objects now: 2684.
Total: 2.403100 ms (FindLiveObjects: 0.293900 ms CreateObjectMapping: 0.109700 ms MarkObjects: 1.863400 ms  DeleteObjects: 0.121800 ms)

========================================================================
Received Import Request.
  Time since last request: 231.146237 seconds.
  path: Assets/Prefabs/Ores/Coal.prefab
  artifactKey: Guid(2c25906045742604682669f3ba69a43d) Importer(815301076,1909f56bfc062723c751e8b465ee728b)
Start importing Assets/Prefabs/Ores/Coal.prefab using Guid(2c25906045742604682669f3ba69a43d) Importer(815301076,1909f56bfc062723c751e8b465ee728b)  -> (artifact id: 'd1c4c4ca06cb57f5d95a6ec39971387a') in 0.040893 seconds
  Import took 0.044246 seconds .

========================================================================
Received Import Request.
  Time since last request: 0.000305 seconds.
  path: Assets/Prefabs/Ores/Copper.prefab
  artifactKey: Guid(3556cf48b3662b2428bed840ad20d8f4) Importer(815301076,1909f56bfc062723c751e8b465ee728b)
Start importing Assets/Prefabs/Ores/Copper.prefab using Guid(3556cf48b3662b2428bed840ad20d8f4) Importer(815301076,1909f56bfc062723c751e8b465ee728b)  -> (artifact id: '0ab0e7861c06cf47e5cd5bfc9fe04ab2') in 0.006599 seconds
  Import took 0.009603 seconds .

========================================================================
Received Import Request.
  Time since last request: 0.000353 seconds.
  path: Assets/Prefabs/Ores/Iron.prefab
  artifactKey: Guid(3b039f57d2b18ab459aa65d381ec0d20) Importer(815301076,1909f56bfc062723c751e8b465ee728b)
Start importing Assets/Prefabs/Ores/Iron.prefab using Guid(3b039f57d2b18ab459aa65d381ec0d20) Importer(815301076,1909f56bfc062723c751e8b465ee728b)  -> (artifact id: 'a766cf028769748953cf0cafbdbe36d4') in 0.012008 seconds
  Import took 0.015269 seconds .

========================================================================
Received Import Request.
  Time since last request: 0.000314 seconds.
  path: Assets/Prefabs/Ores/Nickel.prefab
  artifactKey: Guid(0799d3be5fa4d3845ae9ef5020660172) Importer(815301076,1909f56bfc062723c751e8b465ee728b)
Start importing Assets/Prefabs/Ores/Nickel.prefab using Guid(0799d3be5fa4d3845ae9ef5020660172) Importer(815301076,1909f56bfc062723c751e8b465ee728b)  -> (artifact id: '47feb8b17cc5ec943a6326904fa07626') in 0.009482 seconds
  Import took 0.013884 seconds .

========================================================================
Received Import Request.
  Time since last request: 10.876199 seconds.
  path: Assets/Prefabs/Ores/Coal.prefab
  artifactKey: Guid(2c25906045742604682669f3ba69a43d) Importer(815301076,1909f56bfc062723c751e8b465ee728b)
Start importing Assets/Prefabs/Ores/Coal.prefab using Guid(2c25906045742604682669f3ba69a43d) Importer(815301076,1909f56bfc062723c751e8b465ee728b)  -> (artifact id: '43608afa730916204b89cc77082ed002') in 0.007475 seconds
  Import took 0.010992 seconds .

========================================================================
Received Import Request.
  Time since last request: 0.005769 seconds.
  path: Assets/Prefabs/Ores/Coal.prefab
  artifactKey: Guid(2c25906045742604682669f3ba69a43d) Importer(815301076,1909f56bfc062723c751e8b465ee728b)
Start importing Assets/Prefabs/Ores/Coal.prefab using Guid(2c25906045742604682669f3ba69a43d) Importer(815301076,1909f56bfc062723c751e8b465ee728b)  -> (artifact id: '43608afa730916204b89cc77082ed002') in 0.012068 seconds
  Import took 0.015241 seconds .

========================================================================
Received Prepare
Registering precompiled user dll's ...
Registered in 0.002627 seconds.
Begin MonoManager ReloadAssembly
Native extension for WindowsStandalone target not found
Refreshing native plugins compatible for Editor in 0.45 ms, found 3 plugins.
Preloading 0 native plugins for Editor in 0.00 ms.
Mono: successfully reloaded assembly
- Completed reload, in  0.793 seconds
Platform modules already initialized, skipping
Refreshing native plugins compatible for Editor in 0.40 ms, found 3 plugins.
Preloading 0 native plugins for Editor in 0.00 ms.
Unloading 2090 Unused Serialized files (Serialized files now loaded: 0)
System memory in use before: 96.8 MB.
System memory in use after: 96.8 MB.

Unloading 21 unused Assets to reduce memory usage. Loaded Objects now: 2689.
Total: 2.016500 ms (FindLiveObjects: 0.176800 ms CreateObjectMapping: 0.066200 ms MarkObjects: 1.641100 ms  DeleteObjects: 0.131600 ms)

========================================================================
Received Prepare
Registering precompiled user dll's ...
Registered in 0.002468 seconds.
Begin MonoManager ReloadAssembly
Native extension for WindowsStandalone target not found
Refreshing native plugins compatible for Editor in 0.51 ms, found 3 plugins.
Preloading 0 native plugins for Editor in 0.00 ms.
Mono: successfully reloaded assembly
- Completed reload, in  0.813 seconds
Platform modules already initialized, skipping
Refreshing native plugins compatible for Editor in 0.40 ms, found 3 plugins.
Preloading 0 native plugins for Editor in 0.00 ms.
Unloading 2090 Unused Serialized files (Serialized files now loaded: 0)
System memory in use before: 96.9 MB.
System memory in use after: 96.8 MB.

Unloading 21 unused Assets to reduce memory usage. Loaded Objects now: 2693.
Total: 2.102600 ms (FindLiveObjects: 0.163300 ms CreateObjectMapping: 0.062200 ms MarkObjects: 1.743900 ms  DeleteObjects: 0.132600 ms)

========================================================================
Received Import Request.
  Time since last request: 130.744202 seconds.
  path: Assets/Prefabs/Ores/Copper.prefab
  artifactKey: Guid(3556cf48b3662b2428bed840ad20d8f4) Importer(815301076,1909f56bfc062723c751e8b465ee728b)
Start importing Assets/Prefabs/Ores/Copper.prefab using Guid(3556cf48b3662b2428bed840ad20d8f4) Importer(815301076,1909f56bfc062723c751e8b465ee728b)  -> (artifact id: '3624087c6a978ba53ae001588dbb173e') in 0.039394 seconds
  Import took 0.042298 seconds .

========================================================================
Received Import Request.
  Time since last request: 0.000276 seconds.
  path: Assets/Prefabs/Ores/Iron.prefab
  artifactKey: Guid(3b039f57d2b18ab459aa65d381ec0d20) Importer(815301076,1909f56bfc062723c751e8b465ee728b)
Start importing Assets/Prefabs/Ores/Iron.prefab using Guid(3b039f57d2b18ab459aa65d381ec0d20) Importer(815301076,1909f56bfc062723c751e8b465ee728b)  -> (artifact id: '0036bf1d7ce7f16cf3ab20703b4f7b13') in 0.006942 seconds
  Import took 0.009580 seconds .

========================================================================
Received Import Request.
  Time since last request: 0.000310 seconds.
  path: Assets/Prefabs/Ores/Gold.prefab
  artifactKey: Guid(64af9809e190bed4894bf7fcb7991aa3) Importer(815301076,1909f56bfc062723c751e8b465ee728b)
Start importing Assets/Prefabs/Ores/Gold.prefab using Guid(64af9809e190bed4894bf7fcb7991aa3) Importer(815301076,1909f56bfc062723c751e8b465ee728b)  -> (artifact id: '564eced74d8eeb1a23cb8fa6b1bdf1fc') in 0.011073 seconds
  Import took 0.014557 seconds .

========================================================================
Received Import Request.
  Time since last request: 0.000254 seconds.
  path: Assets/Prefabs/Ores/Nickel.prefab
  artifactKey: Guid(0799d3be5fa4d3845ae9ef5020660172) Importer(815301076,1909f56bfc062723c751e8b465ee728b)
Start importing Assets/Prefabs/Ores/Nickel.prefab using Guid(0799d3be5fa4d3845ae9ef5020660172) Importer(815301076,1909f56bfc062723c751e8b465ee728b)  -> (artifact id: 'da426f33b02af9a51076e9c05a0983c6') in 0.007555 seconds
  Import took 0.010861 seconds .

========================================================================
Received Import Request.
  Time since last request: 0.000368 seconds.
  path: Assets/Prefabs/Ores/Coal.prefab
  artifactKey: Guid(2c25906045742604682669f3ba69a43d) Importer(815301076,1909f56bfc062723c751e8b465ee728b)
Start importing Assets/Prefabs/Ores/Coal.prefab using Guid(2c25906045742604682669f3ba69a43d) Importer(815301076,1909f56bfc062723c751e8b465ee728b)  -> (artifact id: '03ee8e80dac27a42100188270bc5641a') in 0.007631 seconds
  Import took 0.011166 seconds .

========================================================================
Received Import Request.
  Time since last request: 0.001772 seconds.
  path: Assets/Prefabs/Ores/Coal.prefab
  artifactKey: Guid(2c25906045742604682669f3ba69a43d) Importer(815301076,1909f56bfc062723c751e8b465ee728b)
Start importing Assets/Prefabs/Ores/Coal.prefab using Guid(2c25906045742604682669f3ba69a43d) Importer(815301076,1909f56bfc062723c751e8b465ee728b)  -> (artifact id: '03ee8e80dac27a42100188270bc5641a') in 0.007937 seconds
  Import took 0.011411 seconds .

========================================================================
Received Import Request.
  Time since last request: 16.519563 seconds.
  path: Assets/Prefabs/Ores/Copper.prefab
  artifactKey: Guid(3556cf48b3662b2428bed840ad20d8f4) Importer(815301076,1909f56bfc062723c751e8b465ee728b)
Start importing Assets/Prefabs/Ores/Copper.prefab using Guid(3556cf48b3662b2428bed840ad20d8f4) Importer(815301076,1909f56bfc062723c751e8b465ee728b)  -> (artifact id: '8393b6e974971fb505a28d886bbe0dcc') in 0.009235 seconds
  Import took 0.013035 seconds .

========================================================================
Received Import Request.
  Time since last request: 10.476298 seconds.
  path: Assets/Prefabs/Ores/Gold.prefab
  artifactKey: Guid(64af9809e190bed4894bf7fcb7991aa3) Importer(815301076,1909f56bfc062723c751e8b465ee728b)
Start importing Assets/Prefabs/Ores/Gold.prefab using Guid(64af9809e190bed4894bf7fcb7991aa3) Importer(815301076,1909f56bfc062723c751e8b465ee728b)  -> (artifact id: '43b02a2faefa52e0c30b8f3ca6601027') in 0.009433 seconds
  Import took 0.013085 seconds .

========================================================================
Received Import Request.
  Time since last request: 4.523974 seconds.
  path: Assets/Prefabs/Ores/Iron.prefab
  artifactKey: Guid(3b039f57d2b18ab459aa65d381ec0d20) Importer(815301076,1909f56bfc062723c751e8b465ee728b)
Start importing Assets/Prefabs/Ores/Iron.prefab using Guid(3b039f57d2b18ab459aa65d381ec0d20) Importer(815301076,1909f56bfc062723c751e8b465ee728b)  -> (artifact id: '679153d5552fa744aa9c07454c581e15') in 0.009737 seconds
  Import took 0.013269 seconds .

========================================================================
Received Prepare
Registering precompiled user dll's ...
Registered in 0.002304 seconds.
Begin MonoManager ReloadAssembly
Native extension for WindowsStandalone target not found
Refreshing native plugins compatible for Editor in 0.43 ms, found 3 plugins.
Preloading 0 native plugins for Editor in 0.00 ms.
Mono: successfully reloaded assembly
- Completed reload, in  0.853 seconds
Platform modules already initialized, skipping
Refreshing native plugins compatible for Editor in 0.56 ms, found 3 plugins.
Preloading 0 native plugins for Editor in 0.00 ms.
Unloading 2090 Unused Serialized files (Serialized files now loaded: 0)
System memory in use before: 96.9 MB.
System memory in use after: 96.9 MB.

Unloading 21 unused Assets to reduce memory usage. Loaded Objects now: 2698.
Total: 2.418300 ms (FindLiveObjects: 0.297700 ms CreateObjectMapping: 0.100600 ms MarkObjects: 1.921300 ms  DeleteObjects: 0.097300 ms)

========================================================================
Received Import Request.
  Time since last request: 15.571882 seconds.
  path: Assets/Prefabs/Ores/Nickel.prefab
  artifactKey: Guid(0799d3be5fa4d3845ae9ef5020660172) Importer(815301076,1909f56bfc062723c751e8b465ee728b)
Start importing Assets/Prefabs/Ores/Nickel.prefab using Guid(0799d3be5fa4d3845ae9ef5020660172) Importer(815301076,1909f56bfc062723c751e8b465ee728b)  -> (artifact id: 'fdb18ad355326ae7c90ebe6cabfdb343') in 0.045885 seconds
  Import took 0.049606 seconds .

========================================================================
Received Import Request.
  Time since last request: 272.994780 seconds.
  path: Assets/Prefabs/BarImgeAndReq.prefab
  artifactKey: Guid(7d26df3fe64659249bafce023a71065c) Importer(815301076,1909f56bfc062723c751e8b465ee728b)
Start importing Assets/Prefabs/BarImgeAndReq.prefab using Guid(7d26df3fe64659249bafce023a71065c) Importer(815301076,1909f56bfc062723c751e8b465ee728b)  -> (artifact id: '3ccbc6ae0912c026e38663856cb2f331') in 0.013876 seconds
  Import took 0.017685 seconds .

========================================================================
Received Import Request.
  Time since last request: 3.178797 seconds.
  path: Assets/Prefabs/BarImgeAndReq.prefab
  artifactKey: Guid(7d26df3fe64659249bafce023a71065c) Importer(815301076,1909f56bfc062723c751e8b465ee728b)
Start importing Assets/Prefabs/BarImgeAndReq.prefab using Guid(7d26df3fe64659249bafce023a71065c) Importer(815301076,1909f56bfc062723c751e8b465ee728b)  -> (artifact id: '1fb01067b89fef8d138032bc29bb731d') in 0.003074 seconds
  Import took 0.006759 seconds .

========================================================================
Received Import Request.
  Time since last request: 0.781633 seconds.
  path: Assets/Prefabs/BarImgeAndReq.prefab
  artifactKey: Guid(7d26df3fe64659249bafce023a71065c) Importer(815301076,1909f56bfc062723c751e8b465ee728b)
Start importing Assets/Prefabs/BarImgeAndReq.prefab using Guid(7d26df3fe64659249bafce023a71065c) Importer(815301076,1909f56bfc062723c751e8b465ee728b)  -> (artifact id: '48f5dfc31b0f030982ec2e91c21d6336') in 0.003164 seconds
  Import took 0.006910 seconds .

========================================================================
Received Prepare
Registering precompiled user dll's ...
Registered in 0.002268 seconds.
Begin MonoManager ReloadAssembly
Native extension for WindowsStandalone target not found
Refreshing native plugins compatible for Editor in 0.43 ms, found 3 plugins.
Preloading 0 native plugins for Editor in 0.00 ms.
Mono: successfully reloaded assembly
- Completed reload, in  0.826 seconds
Platform modules already initialized, skipping
Refreshing native plugins compatible for Editor in 0.50 ms, found 3 plugins.
Preloading 0 native plugins for Editor in 0.00 ms.
Unloading 2090 Unused Serialized files (Serialized files now loaded: 0)
System memory in use before: 97.0 MB.
System memory in use after: 96.9 MB.

Unloading 21 unused Assets to reduce memory usage. Loaded Objects now: 2705.
Total: 1.980100 ms (FindLiveObjects: 0.189400 ms CreateObjectMapping: 0.069600 ms MarkObjects: 1.609000 ms  DeleteObjects: 0.111300 ms)

========================================================================
Received Prepare
Registering precompiled user dll's ...
Registered in 0.002415 seconds.
Begin MonoManager ReloadAssembly
Native extension for WindowsStandalone target not found
Refreshing native plugins compatible for Editor in 0.43 ms, found 3 plugins.
Preloading 0 native plugins for Editor in 0.00 ms.
Mono: successfully reloaded assembly
- Completed reload, in  0.814 seconds
Platform modules already initialized, skipping
Refreshing native plugins compatible for Editor in 0.41 ms, found 3 plugins.
Preloading 0 native plugins for Editor in 0.00 ms.
Unloading 2090 Unused Serialized files (Serialized files now loaded: 0)
System memory in use before: 97.1 MB.
System memory in use after: 97.0 MB.

Unloading 21 unused Assets to reduce memory usage. Loaded Objects now: 2709.
Total: 2.050800 ms (FindLiveObjects: 0.191700 ms CreateObjectMapping: 0.069800 ms MarkObjects: 1.665100 ms  DeleteObjects: 0.123500 ms)

========================================================================
Received Prepare
Registering precompiled user dll's ...
Registered in 0.002490 seconds.
Begin MonoManager ReloadAssembly
Native extension for WindowsStandalone target not found
Refreshing native plugins compatible for Editor in 0.78 ms, found 3 plugins.
Preloading 0 native plugins for Editor in 0.00 ms.
Mono: successfully reloaded assembly
- Completed reload, in  0.809 seconds
Platform modules already initialized, skipping
Refreshing native plugins compatible for Editor in 0.41 ms, found 3 plugins.
Preloading 0 native plugins for Editor in 0.00 ms.
Unloading 2090 Unused Serialized files (Serialized files now loaded: 0)
System memory in use before: 97.1 MB.
System memory in use after: 97.0 MB.

Unloading 21 unused Assets to reduce memory usage. Loaded Objects now: 2713.
Total: 2.109300 ms (FindLiveObjects: 0.205000 ms CreateObjectMapping: 0.070100 ms MarkObjects: 1.701800 ms  DeleteObjects: 0.131600 ms)

========================================================================
Received Prepare
Registering precompiled user dll's ...
Registered in 0.002224 seconds.
Begin MonoManager ReloadAssembly
Native extension for WindowsStandalone target not found
Refreshing native plugins compatible for Editor in 0.42 ms, found 3 plugins.
Preloading 0 native plugins for Editor in 0.00 ms.
Mono: successfully reloaded assembly
- Completed reload, in  0.815 seconds
Platform modules already initialized, skipping
Refreshing native plugins compatible for Editor in 0.43 ms, found 3 plugins.
Preloading 0 native plugins for Editor in 0.00 ms.
Unloading 2090 Unused Serialized files (Serialized files now loaded: 0)
System memory in use before: 97.1 MB.
System memory in use after: 97.1 MB.

Unloading 21 unused Assets to reduce memory usage. Loaded Objects now: 2717.
Total: 2.192200 ms (FindLiveObjects: 0.197800 ms CreateObjectMapping: 0.074600 ms MarkObjects: 1.790300 ms  DeleteObjects: 0.128800 ms)

========================================================================
Received Prepare
Registering precompiled user dll's ...
Registered in 0.002239 seconds.
Begin MonoManager ReloadAssembly
Native extension for WindowsStandalone target not found
Refreshing native plugins compatible for Editor in 0.40 ms, found 3 plugins.
Preloading 0 native plugins for Editor in 0.00 ms.
Mono: successfully reloaded assembly
- Completed reload, in  0.810 seconds
Platform modules already initialized, skipping
Refreshing native plugins compatible for Editor in 0.40 ms, found 3 plugins.
Preloading 0 native plugins for Editor in 0.00 ms.
Unloading 2090 Unused Serialized files (Serialized files now loaded: 0)
System memory in use before: 97.1 MB.
System memory in use after: 97.2 MB.

Unloading 21 unused Assets to reduce memory usage. Loaded Objects now: 2721.
Total: 1.948100 ms (FindLiveObjects: 0.197700 ms CreateObjectMapping: 0.076800 ms MarkObjects: 1.562700 ms  DeleteObjects: 0.110400 ms)

========================================================================
Received Import Request.
  Time since last request: 734.855543 seconds.
  path: Assets/Scripts/Ui/Shop.cs
  artifactKey: Guid(7f3536046825b8f4eb4a06a78256db22) Importer(815301076,1909f56bfc062723c751e8b465ee728b)
Start importing Assets/Scripts/Ui/Shop.cs using Guid(7f3536046825b8f4eb4a06a78256db22) Importer(815301076,1909f56bfc062723c751e8b465ee728b)  -> (artifact id: 'd61ef3ce869c7013b254187b346ccdfe') in 0.003624 seconds
  Import took 0.006545 seconds .

========================================================================
Received Import Request.
  Time since last request: 0.022833 seconds.
  path: Assets/Scripts/Ui/Shop.cs
  artifactKey: Guid(7f3536046825b8f4eb4a06a78256db22) Importer(815301076,1909f56bfc062723c751e8b465ee728b)
Start importing Assets/Scripts/Ui/Shop.cs using Guid(7f3536046825b8f4eb4a06a78256db22) Importer(815301076,1909f56bfc062723c751e8b465ee728b)  -> (artifact id: 'd61ef3ce869c7013b254187b346ccdfe') in 0.001586 seconds
  Import took 0.005136 seconds .

========================================================================
Received Prepare
Registering precompiled user dll's ...
Registered in 0.002285 seconds.
Begin MonoManager ReloadAssembly
Native extension for WindowsStandalone target not found
Refreshing native plugins compatible for Editor in 0.39 ms, found 3 plugins.
Preloading 0 native plugins for Editor in 0.00 ms.
Mono: successfully reloaded assembly
- Completed reload, in  0.805 seconds
Platform modules already initialized, skipping
Refreshing native plugins compatible for Editor in 0.43 ms, found 3 plugins.
Preloading 0 native plugins for Editor in 0.00 ms.
Unloading 2090 Unused Serialized files (Serialized files now loaded: 0)
System memory in use before: 97.1 MB.
System memory in use after: 97.2 MB.

Unloading 21 unused Assets to reduce memory usage. Loaded Objects now: 2725.
Total: 2.542400 ms (FindLiveObjects: 0.195900 ms CreateObjectMapping: 0.079900 ms MarkObjects: 2.174000 ms  DeleteObjects: 0.092100 ms)

